make all --print-data-base --no-builtin-variables --no-builtin-rules --question
# GNU Make 4.3
# Built for x86_64-pc-linux-gnu
# Copyright (C) 1988-2020 Free Software Foundation, Inc.
# License GPLv3+: GNU GPL version 3 or later <http://gnu.org/licenses/gpl.html>
# This is free software: you are free to change and redistribute it.
# There is NO WARRANTY, to the extent permitted by law.

# Make data base, printed on Sun Oct 22 12:04:33 2023

# Variables

# environment
GDK_BACKEND = x11
# environment
LC_ALL = C
# environment
GNOME_SHELL_SESSION_MODE = ubuntu
# environment
SSH_AGENT_LAUNCHER = gnome-keyring
# makefile (from '.env', line 10)
LOG_LEVEL = debug
# environment
GJS_DEBUG_OUTPUT = stderr
# environment
SNAP_LAUNCHER_ARCH_TRIPLET = x86_64-linux-gnu
# environment
LC_NAME = uz_UZ.UTF-8
# environment
LC_NUMERIC = uz_UZ.UTF-8
# environment
VSCODE_CRASH_REPORTER_PROCESS_TYPE = extensionHost
# environment
VSCODE_CWD = /home/axrorbek
# environment
LC_ADDRESS = uz_UZ.UTF-8
# default
MAKE_COMMAND := make
# environment
QT_ACCESSIBILITY = 1
# environment
GOPATH = /home/axrorbek/go
# automatic
@D = $(patsubst %/,%,$(dir $@))
# environment
SNAP_INSTANCE_NAME = code
# environment
GDK_PIXBUF_MODULEDIR = /snap/code/143/usr/lib/x86_64-linux-gnu/gdk-pixbuf-2.0/2.10.0/loaders
# environment
VSCODE_HANDLES_UNCAUGHT_ERRORS = true
# default
.VARIABLES := 
# environment
PWD = /home/axrorbek/go/src/gitlab.com/tizim-back
# automatic
%D = $(patsubst %/,%,$(dir $%))
# environment
LSCOLORS = Gxfxcxdxbxegedabagacad
# environment
XDG_DATA_DIRS = /home/axrorbek/snap/code/143/.local/share:/home/axrorbek/snap/code/143:/snap/code/143/usr/share:/usr/local/share/:/usr/share/:/var/lib/snapd/desktop
# environment
SNAP_EUID = 1000
# environment
OLDPWD = /home/axrorbek
# automatic
^D = $(patsubst %/,%,$(dir $^))
# automatic
%F = $(notdir $%)
# makefile (from '.env', line 9)
HTTP_PORT = 9090
# environment
VSCODE_CODE_CACHE_PATH = /home/axrorbek/.config/Code/CachedData/f1b07bd25dfad64b0167beb15359ae573aecd2cc
# environment
LANG = C
# environment
XAUTHORITY = /run/user/1000/.mutter-Xwaylandauth.HW5LD2
# default
.LOADED := 
# default
.INCLUDE_DIRS = /usr/local/include /usr/include /usr/include
# makefile
MAKEFLAGS = pqrR
# makefile (from '.env', line 16)
TOKEN_SECRET_KEY = secret-key
# makefile
CURDIR := /home/axrorbek/go/src/gitlab.com/tizim-back
# environment
APPLICATION_INSIGHTS_NO_DIAGNOSTIC_CHANNEL = 1
# automatic
*D = $(patsubst %/,%,$(dir $*))
# environment
MFLAGS = -pqrR
# environment
SSH_AUTH_SOCK = /run/user/1000/keyring/ssh
# default
.SHELLFLAGS := -c
# makefile (from '.env', line 17)
REDIS_ADDR = REDIS_ADDR 
# environment
WAYLAND_DISPLAY = wayland-0
# automatic
+D = $(patsubst %/,%,$(dir $+))
# makefile (from '.env', line 3)
POSTGRES_DATABASE = tizim_db
# environment
P9K_SSH = 0
# environment
XDG_SESSION_DESKTOP = ubuntu
# makefile (from '.env', line 5)
POSTGRES_PASSWORD = 1
# makefile (from '.env', line 1)
MAKEFILE_LIST := Makefile .env
# automatic
@F = $(notdir $@)
# environment
ZSH = /home/axrorbek/.oh-my-zsh
# environment
VSCODE_PID = 642862
# environment
XDG_SESSION_TYPE = wayland
# automatic
?D = $(patsubst %/,%,$(dir $?))
# environment
BAMF_DESKTOP_FILE_HINT = /var/lib/snapd/desktop/applications/code_code.desktop
# environment
SESSION_MANAGER = local/acer:@/tmp/.ICE-unix/3118,unix/acer:/tmp/.ICE-unix/3118
# automatic
*F = $(notdir $*)
# makefile (from '.env', line 13)
SIGN_KEY = secre-key
# environment
CHROME_DESKTOP = code-url-handler.desktop
# environment
DBUS_SESSION_BUS_ADDRESS = unix:path=/run/user/1000/bus
# automatic
<D = $(patsubst %/,%,$(dir $<))
# environment
VSCODE_NLS_CONFIG = {"locale":"en-us","osLocale":"en-us","availableLanguages":{},"_languagePackSupport":true}
# makefile (from '.env', line 11)
ENVIRONMENT = developer
# default
MAKE_HOST := x86_64-pc-linux-gnu
# environment
GTK_PATH = /snap/code/143/usr/lib/x86_64-linux-gnu/gtk-3.0
# environment
GNOME_DESKTOP_SESSION_ID = this-is-deprecated
# makefile
SHELL = /bin/sh
# default
MAKECMDGOALS := all
# environment
XMODIFIERS = @im=ibus
# environment
GJS_DEBUG_TOPICS = JS ERROR;JS LOG
# environment
SHLVL = 0
# environment
MAKELEVEL := 0
# default
MAKE = $(MAKE_COMMAND)
# environment
SNAP_COOKIE = UInfjuG7rP-xaPLwXE5WUu1qHPHvAYNzDmRx6Ij_KfQUDvQ2vBta
# environment
PATH = /usr/local/go/bin:/usr/local/sbin:/usr/local/bin:/usr/sbin:/usr/bin:/sbin:/bin:/usr/games:/usr/local/games:/snap/bin:/snap/bin:/home/axrorbek/go/bin
# default
MAKEFILES := 
# makefile (from 'Makefile', line 4)
DB_URL = "postgres://axrorbek:1@localhost:5432/tizim_db?sslmode=disable"
# environment
LC_MONETARY = uz_UZ.UTF-8
# automatic
^F = $(notdir $^)
# environment
SNAP_USER_COMMON = /home/axrorbek/snap/code/common
# makefile (from '.env', line 8)
CTX_TIMEOUT = 7
# environment
LC_TIME = uz_UZ.UTF-8
# environment
SNAP = /snap/code/143
# environment
GOROOT = /usr/local/go
# environment
INVOCATION_ID = 041094f22f7c4aadb70738dba1692392
# environment
SNAP_REVISION = 143
# environment
SNAP_REAL_HOME = /home/axrorbek
# environment
USERNAME = axrorbek
# makefile (from '.env', line 1)
POSTGRES_HOST = localhost
# environment
GNOME_SETUP_DISPLAY = :1
# environment
LC_TELEPHONE = uz_UZ.UTF-8
# automatic
?F = $(notdir $?)
# environment
GTK_IM_MODULE_FILE = /home/axrorbek/snap/code/common/.cache/immodules/immodules.cache
# environment
XDG_CURRENT_DESKTOP = Unity
# automatic
+F = $(notdir $+)
# environment
LESS = -R
# environment
DESKTOP_SESSION = ubuntu
# environment
ORIGINAL_XDG_CURRENT_DESKTOP = ubuntu:GNOME
# environment
LOCPATH = /snap/code/143/usr/lib/locale
# 'override' directive
GNUMAKEFLAGS := 
# environment
XDG_DATA_DIRS_VSCODE_SNAP_ORIG = /usr/local/share/:/usr/share/:/var/lib/snapd/desktop
# environment
LOGNAME = axrorbek
# makefile (from 'Makefile', line 3)
CURRENT_DIR = $(shell pwd)
# environment
GIO_LAUNCHED_DESKTOP_FILE = /var/lib/snapd/desktop/applications/code_code.desktop
# environment
SNAP_ARCH = amd64
# makefile
.DEFAULT_GOAL := run
# environment
SYSTEMD_EXEC_PID = 3141
# environment
DISPLAY = :0
# environment
USER = axrorbek
# environment
GTK_MODULES = gail:atk-bridge
# makefile (from '.env', line 15)
ACCESS_TOKEN_DURATION = 15m 
# default
MAKE_VERSION := 4.3
# environment
SNAP_DATA = /var/snap/code/143
# environment
SNAP_CONTEXT = UInfjuG7rP-xaPLwXE5WUu1qHPHvAYNzDmRx6Ij_KfQUDvQ2vBta
# environment
MANAGERPID = 2988
# environment
LC_MEASUREMENT = uz_UZ.UTF-8
# environment
GIO_LAUNCHED_DESKTOP_FILE_PID = 642812
# makefile (from '.env', line 4)
POSTGRES_USER = axrorbek
# environment
PAGER = less
# environment
_ = /snap/code/143/usr/share/code/code
# environment
LC_PAPER = uz_UZ.UTF-8
# environment
XDG_RUNTIME_DIR = /run/user/1000
# environment
SNAP_UID = 1000
# environment
GDK_PIXBUF_MODULE_FILE = /home/axrorbek/snap/code/common/.cache/gdk-pixbuf-loaders.cache
# environment
GIO_MODULE_DIR = /home/axrorbek/snap/code/common/.cache/gio-modules
# environment
JOURNAL_STREAM = 8:41004
# environment
GOMODCACHE = /home/axrorbek/go/pkg/mod
# environment
XDG_SESSION_CLASS = user
# environment
VSCODE_AMD_ENTRYPOINT = vs/workbench/api/node/extensionHostProcess
# environment
HOME = /home/axrorbek
# environment
QT_IM_MODULE = ibus
# makefile (from '.env', line 12)
AUTH_PATH = ./config/auth.conf
# environment
ELECTRON_RUN_AS_NODE = 1
# environment
 
make: *** No rule to make target 'all'.  Stop.

VSCODE_IPC_HOOK = /run/user/1000/vscode-e765f69f-1.83-main.sock
# environment
GTK_EXE_PREFIX = /snap/code/143/usr
# environment
SNAP_NAME = code
# environment
GSETTINGS_SCHEMA_DIR = /home/axrorbek/snap/code/143/.local/share/glib-2.0/schemas
# environment
GOPROXY = https://proxy.golang.org,direct
# default
.RECIPEPREFIX := 
# automatic
<F = $(notdir $<)
# environment
SNAP_VERSION = f1b07bd2
# default
SUFFIXES := 
# environment
VSCODE_CLI = 1
# environment
ELECTRON_NO_ATTACH_CONSOLE = 1
# makefile (from '.env', line 6)
DATABASE_URL = postgres://axrorbek:1@localhost:5432/tizim_db
# environment
SNAP_COMMON = /var/snap/code/common
# makefile (from '.env', line 2)
POSTGRES_PORT = 5432
# default
.FEATURES := target-specific order-only second-expansion else-if shortest-stem undefine oneshell nocomment grouped-target extra-prereqs archives jobserver output-sync check-symlink load
# environment
SNAP_USER_DATA = /home/axrorbek/snap/code/143
# environment
XDG_MENU_PREFIX = gnome-
# environment
GDMSESSION = ubuntu
# environment
LC_IDENTIFICATION = uz_UZ.UTF-8
# environment
SNAP_LIBRARY_PATH = /var/lib/snapd/lib/gl:/var/lib/snapd/lib/gl32:/var/lib/snapd/void
# variable set hash-table stats:
# Load=154/1024=15%, Rehash=0, Collisions=8/186=4%

# Pattern-specific Variable Values

# No pattern-specific variable values.

# Directories

# . (device 66306, inode 3149305): 21 files, no impossibilities.

# 21 files, no impossibilities in 1 directories.

# Implicit Rules

# No implicit rules.

# Files

migrate_file:
#  Implicit rule search has not been done.
#  Modification time never checked.
#  File has not been updated.
#  recipe to execute (from 'Makefile', line 16):
	migrate create -ext sql -dir migrations/ -seq table

migratedown:
#  Phony target (prerequisite of .PHONY).
#  Implicit rule search has not been done.
#  File does not exist.
#  File has not been updated.

# Not a target:
.env:
#  Implicit rule search has been done.
#  Last modified 2023-10-22 11:58:31.049999262
#  File has been updated.
#  Successfully updated.

# Not a target:
Makefile:
#  Implicit rule search has been done.
#  Last modified 2023-10-22 11:58:42.902378526
#  File has been updated.
#  Successfully updated.

local-up:
#  Phony target (prerequisite of .PHONY).
#  Implicit rule search has not been done.
#  File does not exist.
#  File has not been updated.
#  recipe to execute (from 'Makefile', line 19):
	docker compose --env-file ./.env.docker up -d

swag-gen:
#  Implicit rule search has not been done.
#  Modification time never checked.
#  File has not been updated.
#  recipe to execute (from 'Makefile', line 28):
	swag init -g api/router.go -o api/docs

.SILENT:
#  Implicit rule search has not been done.
#  Modification time never checked.
#  File has not been updated.

migrateup:
#  Phony target (prerequisite of .PHONY).
#  Implicit rule search has not been done.
#  File does not exist.
#  File has not been updated.

proto-gen:
#  Phony target (prerequisite of .PHONY).
#  Implicit rule search has not been done.
#  File does not exist.
#  File has not been updated.

update-sub-module:
#  Phony target (prerequisite of .PHONY).
#  Implicit rule search has not been done.
#  File does not exist.
#  File has not been updated.
#  recipe to execute (from 'Makefile', line 25):
	git submodule update --remote --merge

pull-sub-module:
#  Phony target (prerequisite of .PHONY).
#  Implicit rule search has not been done.
#  File does not exist.
#  File has not been updated.
#  recipe to execute (from 'Makefile', line 22):
	git submodule update --init --recursive

# Not a target:
.DEFAULT:
#  Implicit rule search has not been done.
#  Modification time never checked.
#  File has not been updated.

# Not a target:
all:
#  Command line target.
#  Implicit rule search has been done.
#  File does not exist.
#  File has not been updated.

run:
#  Phony target (prerequisite of .PHONY).
#  Implicit rule search has not been done.
#  File does not exist.
#  File has not been updated.
#  recipe to execute (from 'Makefile', line 7):
	go run cmd/main.go

migrate-down:
#  Implicit rule search has not been done.
#  Modification time never checked.
#  File has not been updated.
#  recipe to execute (from 'Makefile', line 13):
	migrate -path migrations -database "$(DB_URL)" -verbose down

.PHONY: run migrateup migratedown local-up proto-gen pull-sub-module update-sub-module
#  Implicit rule search has not been done.
#  Modification time never checked.
#  File has not been updated.

migrate-up:
#  Implicit rule search has not been done.
#  Modification time never checked.
#  File has not been updated.
#  recipe to execute (from 'Makefile', line 10):
	migrate -path migrations -database "$(DB_URL)" -verbose up

# files hash-table stats:
# Load=18/1024=2%, Rehash=0, Collisions=0/36=0%
# VPATH Search Paths

# No 'vpath' search paths.

# No general ('VPATH' variable) search path.

# strcache buffers: 1 (0) / strings = 39 / storage = 353 B / avg = 9 B
# current buf: size = 8162 B / used = 353 B / count = 39 / avg = 9 B

# strcache performance: lookups = 59 / hit rate = 33%
# hash-table stats:
# Load=39/8192=0%, Rehash=0, Collisions=0/59=0%
# Finished Make data base on Sun Oct 22 12:04:33 2023

 
